<?xml version="1.0" encoding="utf-8"?><testsuites name="pytest tests"><testsuite name="pytest" errors="0" failures="1" skipped="0" tests="14" time="4.373" timestamp="2026-01-13T01:16:42.977081+00:00" hostname="agent-env-6fe7bd59-ce83-4a84-9e42-61ff3ba0c8fd"><testcase classname="tests.test_onboarding_fixes.TestAuthentication" name="test_login_success" time="0.453" /><testcase classname="tests.test_onboarding_fixes.TestAuthentication" name="test_login_invalid_credentials" time="0.385" /><testcase classname="tests.test_onboarding_fixes.TestAuthentication" name="test_admin_login" time="0.380" /><testcase classname="tests.test_onboarding_fixes.TestPBClientPersistence" name="test_save_pb_client_id" time="0.416" /><testcase classname="tests.test_onboarding_fixes.TestPBClientPersistence" name="test_progress_returns_pb_client_id" time="0.497" /><testcase classname="tests.test_onboarding_fixes.TestPBClientPersistence" name="test_save_pb_client_requires_auth" time="0.039" /><testcase classname="tests.test_onboarding_fixes.TestUserProgress" name="test_get_user_me" time="0.409" /><testcase classname="tests.test_onboarding_fixes.TestUserProgress" name="test_get_progress" time="0.416" /><testcase classname="tests.test_onboarding_fixes.TestAdminFunctions" name="test_admin_get_users" time="0.413" /><testcase classname="tests.test_onboarding_fixes.TestAdminFunctions" name="test_admin_set_user_step" time="0.458" /><testcase classname="tests.test_onboarding_fixes.TestSessionExpiration" name="test_expired_token_returns_401" time="0.033" /><testcase classname="tests.test_onboarding_fixes.TestSessionExpiration" name="test_missing_auth_returns_403" time="0.036" /><testcase classname="tests.test_onboarding_fixes.TestBookingAPI" name="test_booking_health" time="0.309" /><testcase classname="tests.test_onboarding_fixes.TestBookingAPI" name="test_booking_availability" time="0.036"><failure message="AssertionError: Booking availability failed: {&quot;detail&quot;:[{&quot;type&quot;:&quot;missing&quot;,&quot;loc&quot;:[&quot;query&quot;,&quot;start_date&quot;],&quot;msg&quot;:&quot;Field required&quot;,&quot;input&quot;:null,&quot;url&quot;:&quot;https://errors.pydantic.dev/2.12/v/missing&quot;}]}&#10;assert 422 == 200&#10; +  where 422 = &lt;Response [422]&gt;.status_code">tests/test_onboarding_fixes.py:261: in test_booking_availability
    assert response.status_code == 200, f"Booking availability failed: {response.text}"
E   AssertionError: Booking availability failed: {"detail":[{"type":"missing","loc":["query","start_date"],"msg":"Field required","input":null,"url":"https://errors.pydantic.dev/2.12/v/missing"}]}
E   assert 422 == 200
E    +  where 422 = &lt;Response [422]&gt;.status_code</failure></testcase></testsuite></testsuites>