<?xml version="1.0" encoding="utf-8"?><testsuites name="pytest tests"><testsuite name="pytest" errors="0" failures="0" skipped="0" tests="8" time="1.669" timestamp="2026-04-02T14:10:10.307064+00:00" hostname="agent-env-a796fbeb-e10c-4bb3-9ec4-db7df9f4bead"><testcase classname="backend.tests.test_booking_rate_limiting.TestBookingCooldown" name="test_first_booking_attempt_not_rate_limited" time="0.122" /><testcase classname="backend.tests.test_booking_rate_limiting.TestBookingCooldown" name="test_second_booking_attempt_rate_limited_on_failure" time="0.264" /><testcase classname="backend.tests.test_booking_rate_limiting.TestBookingCooldown" name="test_cooldown_message_includes_seconds" time="0.227" /><testcase classname="backend.tests.test_booking_rate_limiting.TestBookingCooldown" name="test_different_emails_not_affected" time="0.243" /><testcase classname="backend.tests.test_booking_rate_limiting.TestBookingHealthEndpoint" name="test_booking_health_endpoint" time="0.438" /><testcase classname="backend.tests.test_booking_rate_limiting.TestBookingAvailability" name="test_availability_endpoint" time="0.120" /><testcase classname="backend.tests.test_booking_rate_limiting.TestUserLookupRegression" name="test_lookup_with_plus_sign_still_works" time="0.107" /><testcase classname="backend.tests.test_booking_rate_limiting.TestBookingCacheStatus" name="test_cache_status_endpoint" time="0.099" /></testsuite></testsuites>