<?xml version="1.0" encoding="utf-8"?><testsuites name="pytest tests"><testsuite name="pytest" errors="0" failures="0" skipped="0" tests="18" time="6.223" timestamp="2026-04-07T20:05:46.833532+00:00" hostname="agent-env-a796fbeb-e10c-4bb3-9ec4-db7df9f4bead"><testcase classname="tests.test_admin_settings_and_pb_cache.TestAuthRegression" name="test_admin_login_success" time="0.669" /><testcase classname="tests.test_admin_settings_and_pb_cache.TestAuthRegression" name="test_raymond_login_success" time="0.410" /><testcase classname="tests.test_admin_settings_and_pb_cache.TestPublicSettings" name="test_get_public_settings_no_auth" time="0.154" /><testcase classname="tests.test_admin_settings_and_pb_cache.TestAdminSettings" name="test_get_admin_settings_with_admin_auth" time="0.544" /><testcase classname="tests.test_admin_settings_and_pb_cache.TestAdminSettings" name="test_get_admin_settings_without_auth" time="0.108" /><testcase classname="tests.test_admin_settings_and_pb_cache.TestAdminSettings" name="test_get_admin_settings_with_raymond" time="0.537" /><testcase classname="tests.test_admin_settings_and_pb_cache.TestAdminSettings" name="test_put_admin_settings_valid_value" time="0.514" /><testcase classname="tests.test_admin_settings_and_pb_cache.TestAdminSettings" name="test_put_admin_settings_rejects_zero" time="0.125" /><testcase classname="tests.test_admin_settings_and_pb_cache.TestAdminSettings" name="test_put_admin_settings_rejects_91" time="0.116" /><testcase classname="tests.test_admin_settings_and_pb_cache.TestAdminSettings" name="test_put_admin_settings_rejects_non_numeric" time="0.134" /><testcase classname="tests.test_admin_settings_and_pb_cache.TestCacheEndpoints" name="test_cache_status_returns_data" time="0.129" /><testcase classname="tests.test_admin_settings_and_pb_cache.TestCacheEndpoints" name="test_cache_lookup_existing_email" time="0.103" /><testcase classname="tests.test_admin_settings_and_pb_cache.TestCacheEndpoints" name="test_cache_lookup_nonexistent_email" time="0.106" /><testcase classname="tests.test_admin_settings_and_pb_cache.TestPBClientsEndpoints" name="test_pb_clients_lookup_with_admin_auth" time="1.108" /><testcase classname="tests.test_admin_settings_and_pb_cache.TestPBClientsEndpoints" name="test_pb_clients_lookup_without_auth" time="0.120" /><testcase classname="tests.test_admin_settings_and_pb_cache.TestPBClientsEndpoints" name="test_pb_clients_lookup_with_raymond" time="1.006" /><testcase classname="tests.test_admin_settings_and_pb_cache.TestBookingAvailability" name="test_booking_availability_returns_slots" time="0.122" /><testcase classname="tests.test_admin_settings_and_pb_cache.TestAdminUsers" name="test_admin_users_list" time="0.146" /></testsuite></testsuites>