<?xml version="1.0" encoding="utf-8"?><testsuites name="pytest tests"><testsuite name="pytest" errors="0" failures="0" skipped="0" tests="8" time="1.027" timestamp="2026-04-01T18:04:30.140956+00:00" hostname="agent-env-a796fbeb-e10c-4bb3-9ec4-db7df9f4bead"><testcase classname="backend.tests.test_user_lookup.TestUserLookupEndpoint" name="test_lookup_with_plus_sign_raw" time="0.144" /><testcase classname="backend.tests.test_user_lookup.TestUserLookupEndpoint" name="test_lookup_with_plus_sign_encoded" time="0.119" /><testcase classname="backend.tests.test_user_lookup.TestUserLookupEndpoint" name="test_lookup_normal_email" time="0.107" /><testcase classname="backend.tests.test_user_lookup.TestUserLookupEndpoint" name="test_lookup_missing_api_key" time="0.108" /><testcase classname="backend.tests.test_user_lookup.TestUserLookupEndpoint" name="test_lookup_wrong_api_key" time="0.110" /><testcase classname="backend.tests.test_user_lookup.TestUserLookupEndpoint" name="test_lookup_case_insensitive" time="0.116" /><testcase classname="backend.tests.test_user_lookup.TestUserLookupEndpoint" name="test_lookup_nonexistent_email" time="0.150" /><testcase classname="backend.tests.test_user_lookup.TestUserLookupEndpoint" name="test_lookup_response_structure" time="0.124" /></testsuite></testsuites>