<?xml version="1.0" encoding="utf-8"?><testsuites name="pytest tests"><testsuite name="pytest" errors="0" failures="0" skipped="0" tests="17" time="33.083" timestamp="2026-01-12T20:30:49.450917+00:00" hostname="agent-env-04755126-e637-438a-ab10-b5ea5aab19fd"><testcase classname="tests.test_booking_api.TestBookingHealth" name="test_health_endpoint_returns_200" time="0.556" /><testcase classname="tests.test_booking_api.TestBookingHealth" name="test_health_endpoint_returns_connected_status" time="0.216" /><testcase classname="tests.test_booking_api.TestBookingHealth" name="test_health_endpoint_returns_active_consultants" time="0.231" /><testcase classname="tests.test_booking_api.TestBookingAvailability" name="test_availability_endpoint_returns_200" time="0.044" /><testcase classname="tests.test_booking_api.TestBookingAvailability" name="test_availability_returns_slots_array" time="0.043" /><testcase classname="tests.test_booking_api.TestBookingAvailability" name="test_availability_returns_dates_with_availability" time="0.036" /><testcase classname="tests.test_booking_api.TestBookingAvailability" name="test_availability_slot_structure" time="0.041" /><testcase classname="tests.test_booking_api.TestBookingAvailability" name="test_availability_has_slots" time="5.113" /><testcase classname="tests.test_booking_api.TestBookingAvailability" name="test_availability_invalid_date_format" time="0.051" /><testcase classname="tests.test_booking_api.TestBookingAvailability" name="test_availability_days_parameter_validation" time="0.049" /><testcase classname="tests.test_booking_api.TestBookingAvailabilityForDate" name="test_availability_for_date_returns_200" time="26.323" /><testcase classname="tests.test_booking_api.TestBookingAvailabilityForDate" name="test_availability_for_date_returns_date_field" time="0.099" /><testcase classname="tests.test_booking_api.TestBookingAvailabilityForDate" name="test_availability_for_date_returns_slots" time="0.033" /><testcase classname="tests.test_booking_api.TestBookingAvailabilityForDate" name="test_availability_for_past_date_returns_400" time="0.036" /><testcase classname="tests.test_booking_api.TestBookingAvailabilityForDate" name="test_availability_for_invalid_date_returns_400" time="0.046" /><testcase classname="tests.test_booking_api.TestBookingCacheStatus" name="test_cache_status_returns_200" time="0.059" /><testcase classname="tests.test_booking_api.TestBookingCacheStatus" name="test_cache_status_returns_expected_fields" time="0.037" /></testsuite></testsuites>