<?xml version="1.0" encoding="utf-8"?><testsuites name="pytest tests"><testsuite name="pytest" errors="0" failures="0" skipped="0" tests="17" time="1.295" timestamp="2026-04-02T14:23:34.944497+00:00" hostname="agent-env-a796fbeb-e10c-4bb3-9ec4-db7df9f4bead"><testcase classname="tests.test_practice_better_v2_refactoring.TestAPIEndpoints" name="test_health_endpoint" time="0.467" /><testcase classname="tests.test_practice_better_v2_refactoring.TestAPIEndpoints" name="test_availability_endpoint" time="0.142" /><testcase classname="tests.test_practice_better_v2_refactoring.TestAPIEndpoints" name="test_user_lookup_with_plus_email" time="0.123" /><testcase classname="tests.test_practice_better_v2_refactoring.TestAPIEndpoints" name="test_booking_cooldown_rapid_requests" time="0.275" /><testcase classname="tests.test_practice_better_v2_refactoring.TestCodeReviewVerification" name="test_auth_retries_separated_from_transient" time="0.007" /><testcase classname="tests.test_practice_better_v2_refactoring.TestCodeReviewVerification" name="test_429_backoff_uses_config" time="0.012" /><testcase classname="tests.test_practice_better_v2_refactoring.TestCodeReviewVerification" name="test_search_client_by_email_uses_request" time="0.004" /><testcase classname="tests.test_practice_better_v2_refactoring.TestCodeReviewVerification" name="test_asyncio_gather_with_semaphore" time="0.005" /><testcase classname="tests.test_practice_better_v2_refactoring.TestCodeReviewVerification" name="test_cache_key_includes_practitioner_hash" time="0.004" /><testcase classname="tests.test_practice_better_v2_refactoring.TestCodeReviewVerification" name="test_idempotency_entry_has_status_field" time="0.004" /><testcase classname="tests.test_practice_better_v2_refactoring.TestCodeReviewVerification" name="test_consultant_name_gets_actual_name" time="0.005" /><testcase classname="tests.test_practice_better_v2_refactoring.TestCodeReviewVerification" name="test_cache_entry_data_typed_as_any" time="0.004" /><testcase classname="tests.test_practice_better_v2_refactoring.TestCodeReviewVerification" name="test_slot_in_cache_renamed" time="0.004" /><testcase classname="tests.test_practice_better_v2_refactoring.TestCodeReviewVerification" name="test_duration_units_documented" time="0.004" /><testcase classname="tests.test_practice_better_v2_refactoring.TestCodeReviewVerification" name="test_imports_at_module_level" time="0.004" /><testcase classname="tests.test_practice_better_v2_refactoring.TestCodeReviewVerification" name="test_thread_safe_singleton_with_lock" time="0.005" /><testcase classname="tests.test_practice_better_v2_refactoring.TestCacheStatus" name="test_cache_status_endpoint" time="0.172" /></testsuite></testsuites>