<?xml version="1.0" encoding="utf-8"?><testsuites name="pytest tests"><testsuite name="pytest" errors="0" failures="0" skipped="0" tests="14" time="4.395" timestamp="2026-01-13T01:17:09.927895+00:00" hostname="agent-env-6fe7bd59-ce83-4a84-9e42-61ff3ba0c8fd"><testcase classname="tests.test_onboarding_fixes.TestAuthentication" name="test_login_success" time="0.505" /><testcase classname="tests.test_onboarding_fixes.TestAuthentication" name="test_login_invalid_credentials" time="0.348" /><testcase classname="tests.test_onboarding_fixes.TestAuthentication" name="test_admin_login" time="0.440" /><testcase classname="tests.test_onboarding_fixes.TestPBClientPersistence" name="test_save_pb_client_id" time="0.377" /><testcase classname="tests.test_onboarding_fixes.TestPBClientPersistence" name="test_progress_returns_pb_client_id" time="0.411" /><testcase classname="tests.test_onboarding_fixes.TestPBClientPersistence" name="test_save_pb_client_requires_auth" time="0.034" /><testcase classname="tests.test_onboarding_fixes.TestUserProgress" name="test_get_user_me" time="0.382" /><testcase classname="tests.test_onboarding_fixes.TestUserProgress" name="test_get_progress" time="0.371" /><testcase classname="tests.test_onboarding_fixes.TestAdminFunctions" name="test_admin_get_users" time="0.438" /><testcase classname="tests.test_onboarding_fixes.TestAdminFunctions" name="test_admin_set_user_step" time="0.420" /><testcase classname="tests.test_onboarding_fixes.TestSessionExpiration" name="test_expired_token_returns_401" time="0.035" /><testcase classname="tests.test_onboarding_fixes.TestSessionExpiration" name="test_missing_auth_returns_403" time="0.080" /><testcase classname="tests.test_onboarding_fixes.TestBookingAPI" name="test_booking_health" time="0.454" /><testcase classname="tests.test_onboarding_fixes.TestBookingAPI" name="test_booking_availability" time="0.044" /></testsuite></testsuites>